2025-04-12 20:38:35 [ERROR]: SequelizeConnectionRefusedError
2025-04-12 20:39:32 [ERROR]: undefined
2025-04-12 20:39:57 [ERROR]: undefined
2025-04-12 20:41:57 [ERROR]: database "chat-app-db" does not exist
2025-04-12 20:42:23 [INFO]: Connection to the database has been established successfully.
2025-04-12 20:42:23 [INFO]: Server is running on port 5000
2025-04-12 20:44:34 [INFO]: Socket gLHEbB5S_aotAwxHAAAC joined conversation 1
2025-04-12 20:44:34 [INFO]: Socket gLHEbB5S_aotAwxHAAAC joined conversation 2
2025-04-12 20:44:34 [INFO]: Socket gLHEbB5S_aotAwxHAAAC joined conversation 3
2025-04-12 20:44:34 [INFO]: Socket am5YWzCdn0-MMLNVAAAD joined conversation 1
2025-04-12 20:44:35 [INFO]: Socket am5YWzCdn0-MMLNVAAAD joined conversation 2
2025-04-12 20:44:35 [INFO]: Socket am5YWzCdn0-MMLNVAAAD joined conversation 3
2025-04-12 20:44:40 [INFO]: Client disconnected
2025-04-12 20:44:40 [INFO]: Client disconnected
2025-04-12 20:44:41 [INFO]: Socket 9DtyXEqP7uNTtb98AAAG joined conversation 1
2025-04-12 20:44:41 [INFO]: Socket 7Mco8KT42CcLRAK-AAAH joined conversation 1
2025-04-12 20:44:41 [INFO]: Socket 9DtyXEqP7uNTtb98AAAG joined conversation 2
2025-04-12 20:44:41 [INFO]: Socket 9DtyXEqP7uNTtb98AAAG joined conversation 3
2025-04-12 20:44:41 [INFO]: Socket 7Mco8KT42CcLRAK-AAAH joined conversation 2
2025-04-12 20:44:41 [INFO]: Socket 7Mco8KT42CcLRAK-AAAH joined conversation 3
2025-04-12 20:48:02 [INFO]: Socket 0lVJ_Rf6MJ_J0QyTAAAJ joined conversation 1
2025-04-12 20:48:02 [INFO]: Socket 0lVJ_Rf6MJ_J0QyTAAAJ joined conversation 2
2025-04-12 20:48:02 [INFO]: Socket 0lVJ_Rf6MJ_J0QyTAAAJ joined conversation 3
2025-04-12 20:52:57 [INFO]: Connection to the database has been established successfully.
2025-04-12 20:52:57 [INFO]: Server is running on port 5000
2025-04-12 20:53:06 [INFO]: Client disconnected
2025-04-12 20:53:06 [INFO]: Client disconnected
2025-04-12 20:53:06 [INFO]: Client disconnected
2025-04-12 20:53:06 [INFO]: Client disconnected
2025-04-12 20:53:07 [INFO]: Socket Pj8l5BdKZermJlEeAAAJ joined conversation 1
2025-04-12 20:53:07 [INFO]: Socket Pj8l5BdKZermJlEeAAAJ joined conversation 2
2025-04-12 20:53:07 [INFO]: Socket Pj8l5BdKZermJlEeAAAJ joined conversation 3
2025-04-12 20:53:07 [INFO]: Socket Pj8l5BdKZermJlEeAAAJ joined conversation 1
2025-04-12 20:53:07 [INFO]: Socket Pj8l5BdKZermJlEeAAAJ joined conversation 2
2025-04-12 20:53:07 [INFO]: Socket Pj8l5BdKZermJlEeAAAJ joined conversation 3
2025-04-12 20:53:30 [INFO]: Message received: thai in conversation: 1
2025-04-12 20:53:37 [INFO]: Message received: thai in conversation: 2
2025-04-12 20:53:40 [INFO]: Message received: thai in conversation: 3
2025-04-12 20:53:40 [INFO]: Message received: thai in conversation: 3
2025-04-12 20:57:53 [INFO]: Connection to the database has been established successfully.
2025-04-12 20:57:53 [INFO]: Server is running on port 5000
2025-04-12 20:58:03 [INFO]: Connection to the database has been established successfully.
2025-04-12 20:58:03 [INFO]: Server is running on port 5000
2025-04-12 20:58:10 [INFO]: Connection to the database has been established successfully.
2025-04-12 20:58:10 [INFO]: Server is running on port 5000
2025-04-12 20:58:19 [INFO]: Connection to the database has been established successfully.
2025-04-12 20:58:19 [INFO]: Server is running on port 5000
2025-04-12 20:58:28 [INFO]: Client disconnected
2025-04-12 20:58:32 [INFO]: Connection to the database has been established successfully.
2025-04-12 20:58:32 [INFO]: Server is running on port 5000
2025-04-12 20:58:38 [INFO]: Socket WpEpHL3QiblfJKxiAAAB joined conversation 1
2025-04-12 20:58:38 [INFO]: Socket WpEpHL3QiblfJKxiAAAB joined conversation 2
2025-04-12 20:58:38 [INFO]: Socket WpEpHL3QiblfJKxiAAAB joined conversation 3
2025-04-12 20:58:38 [INFO]: Socket WpEpHL3QiblfJKxiAAAB joined conversation 1
2025-04-12 20:58:38 [INFO]: Socket WpEpHL3QiblfJKxiAAAB joined conversation 2
2025-04-12 20:58:38 [INFO]: Socket WpEpHL3QiblfJKxiAAAB joined conversation 3
2025-04-12 20:58:40 [INFO]: Client disconnected
2025-04-12 21:00:25 [INFO]: Connection to the database has been established successfully.
2025-04-12 21:00:25 [INFO]: Server is running on port 5000
2025-04-12 21:00:33 [INFO]: User connected: 123123123
2025-04-12 21:00:33 [INFO]: Socket wtA6qfBpo4QeQ6ePAAAB joined conversation 1
2025-04-12 21:00:33 [INFO]: Socket wtA6qfBpo4QeQ6ePAAAB joined conversation 2
2025-04-12 21:00:33 [INFO]: Socket wtA6qfBpo4QeQ6ePAAAB joined conversation 3
2025-04-12 21:00:33 [INFO]: Socket wtA6qfBpo4QeQ6ePAAAB joined conversation 1
2025-04-12 21:00:33 [INFO]: Socket wtA6qfBpo4QeQ6ePAAAB joined conversation 2
2025-04-12 21:00:33 [INFO]: Socket wtA6qfBpo4QeQ6ePAAAB joined conversation 3
2025-04-12 21:01:08 [INFO]: Connection to the database has been established successfully.
2025-04-12 21:01:08 [INFO]: Server is running on port 5000
2025-04-12 21:01:08 [INFO]: User connected: 123123123
2025-04-12 21:01:16 [INFO]: Connection to the database has been established successfully.
2025-04-12 21:01:16 [INFO]: Server is running on port 5000
2025-04-12 21:01:16 [INFO]: User connected: 123123123
2025-04-12 21:03:51 [INFO]: Connection to the database has been established successfully.
2025-04-12 21:03:51 [INFO]: Server is running on port 5000
2025-04-12 21:03:51 [INFO]: User connected: 123123123
2025-04-12 21:04:17 [INFO]: Connection to the database has been established successfully.
2025-04-12 21:04:17 [INFO]: Server is running on port 5000
2025-04-12 21:04:17 [INFO]: User connected: 123123123
2025-04-12 21:04:50 [INFO]: Connection to the database has been established successfully.
2025-04-12 21:04:50 [INFO]: Server is running on port 5000
2025-04-12 21:04:50 [INFO]: User connected: 123123123
2025-04-12 21:05:38 [INFO]: Connection to the database has been established successfully.
2025-04-12 21:05:38 [INFO]: Server is running on port 5000
2025-04-12 21:05:38 [INFO]: User connected: 123123123
2025-04-12 21:06:59 [INFO]: Client disconnected
2025-04-12 21:15:29 [INFO]: Connection to the database has been established successfully.
2025-04-12 21:15:29 [INFO]: Server is running on port 5000
2025-04-12 21:17:15 [INFO]: Connection to the database has been established successfully.
2025-04-12 21:17:15 [INFO]: Server is running on port 5000
2025-04-12 21:19:34 [INFO]: Connection to the database has been established successfully.
2025-04-12 21:19:34 [INFO]: Server is running on port 5000
2025-04-12 22:11:14 [INFO]: Connection to the database has been established successfully.
2025-04-12 22:11:14 [INFO]: Server is running on port 5000
2025-04-12 22:12:11 [INFO]: Connection to the database has been established successfully.
2025-04-12 22:12:11 [INFO]: Server is running on port 5000
2025-04-12 22:13:01 [INFO]: Connection to the database has been established successfully.
2025-04-12 22:13:01 [INFO]: Server is running on port 5000
2025-04-12 22:13:05 [INFO]: Connection to the database has been established successfully.
2025-04-12 22:13:05 [INFO]: Server is running on port 5000
2025-04-12 22:16:51 [INFO]: Connection to the database has been established successfully.
2025-04-12 22:16:51 [INFO]: Server is running on port 5000
2025-04-12 22:16:57 [INFO]: Connection to the database has been established successfully.
2025-04-12 22:16:57 [INFO]: Server is running on port 5000
2025-04-12 22:17:17 [INFO]: Connection to the database has been established successfully.
2025-04-12 22:17:17 [INFO]: Server is running on port 5000
2025-04-12 22:18:19 [INFO]: Connection to the database has been established successfully.
2025-04-12 22:18:19 [INFO]: Server is running on port 5000
2025-04-12 22:18:23 [INFO]: Connection to the database has been established successfully.
2025-04-12 22:18:23 [INFO]: Server is running on port 5000
2025-04-12 22:18:29 [INFO]: Connection to the database has been established successfully.
2025-04-12 22:18:29 [INFO]: Server is running on port 5000
2025-04-12 22:19:28 [INFO]: Connection to the database has been established successfully.
2025-04-12 22:19:28 [INFO]: Server is running on port 5000
2025-04-12 22:24:34 [INFO]: Connection to the database has been established successfully.
2025-04-12 22:24:34 [INFO]: Server is running on port 5000
2025-04-12 22:24:50 [INFO]: Connection to the database has been established successfully.
2025-04-12 22:24:50 [INFO]: Server is running on port 5000
2025-04-12 22:25:10 [INFO]: Connection to the database has been established successfully.
2025-04-12 22:25:10 [INFO]: Server is running on port 5000
2025-04-12 22:25:33 [INFO]: Connection to the database has been established successfully.
2025-04-12 22:25:33 [INFO]: Server is running on port 5000
2025-04-12 22:25:41 [INFO]: Connection to the database has been established successfully.
2025-04-12 22:25:41 [INFO]: Server is running on port 5000
2025-04-12 22:25:51 [INFO]: Connection to the database has been established successfully.
2025-04-12 22:25:51 [INFO]: Server is running on port 5000
2025-04-12 22:27:04 [INFO]: Connection to the database has been established successfully.
2025-04-12 22:27:04 [INFO]: Server is running on port 5000
2025-04-12 22:27:11 [INFO]: Connection to the database has been established successfully.
2025-04-12 22:27:11 [INFO]: Server is running on port 5000
2025-04-12 22:27:28 [INFO]: Connection to the database has been established successfully.
2025-04-12 22:27:28 [INFO]: Server is running on port 5000
2025-04-12 22:29:00 [INFO]: Connection to the database has been established successfully.
2025-04-12 22:29:00 [INFO]: Server is running on port 5000
2025-04-12 22:29:06 [INFO]: Connection to the database has been established successfully.
2025-04-12 22:29:06 [INFO]: Server is running on port 5000
2025-04-12 22:29:36 [INFO]: Connection to the database has been established successfully.
2025-04-12 22:29:36 [INFO]: Server is running on port 5000
2025-04-12 22:33:15 [INFO]: Connection to the database has been established successfully.
2025-04-12 22:33:15 [INFO]: Server is running on port 5000
2025-04-12 22:33:21 [INFO]: Connection to the database has been established successfully.
2025-04-12 22:33:21 [INFO]: Server is running on port 5000
2025-04-12 22:34:57 [INFO]: Connection to the database has been established successfully.
2025-04-12 22:34:57 [INFO]: Server is running on port 5000
2025-04-12 22:35:34 [INFO]: Connection to the database has been established successfully.
2025-04-12 22:35:34 [INFO]: Server is running on port 5000
2025-04-12 22:36:16 [INFO]: Connection to the database has been established successfully.
2025-04-12 22:36:16 [INFO]: Server is running on port 5000
2025-04-12 22:36:21 [INFO]: Connection to the database has been established successfully.
2025-04-12 22:36:21 [INFO]: Server is running on port 5000
2025-04-12 22:36:50 [INFO]: Connection to the database has been established successfully.
2025-04-12 22:36:50 [INFO]: Server is running on port 5000
2025-04-12 22:36:57 [INFO]: Connection to the database has been established successfully.
2025-04-12 22:36:57 [INFO]: Server is running on port 5000
2025-04-12 22:38:11 [INFO]: Connection to the database has been established successfully.
2025-04-12 22:38:11 [INFO]: Server is running on port 5000
2025-04-12 22:38:33 [INFO]: Connection to the database has been established successfully.
2025-04-12 22:38:33 [INFO]: Server is running on port 5000
2025-04-12 22:39:40 [INFO]: Connection to the database has been established successfully.
2025-04-12 22:39:40 [INFO]: Server is running on port 5000
2025-04-12 22:39:46 [INFO]: Connection to the database has been established successfully.
2025-04-12 22:39:46 [INFO]: Server is running on port 5000
2025-04-12 22:48:44 [INFO]: Connection to the database has been established successfully.
2025-04-12 22:48:44 [INFO]: Server is running on port 5000
2025-04-12 22:48:47 [INFO]: Connection to the database has been established successfully.
2025-04-12 22:48:47 [INFO]: Server is running on port 5000
2025-04-12 22:51:20 [INFO]: Connection to the database has been established successfully.
2025-04-12 22:51:20 [INFO]: Server is running on port 5000
2025-04-12 22:53:33 [INFO]: Connection to the database has been established successfully.
2025-04-12 22:53:33 [INFO]: Server is running on port 5000
2025-04-21 22:21:03 [INFO]: Connection to the database has been established successfully.
2025-04-21 22:21:03 [INFO]: Server is running on port 5000
2025-04-21 22:22:22 [ERROR]: relation "Auth" does not exist
2025-04-21 22:22:33 [INFO]: Connection to the database has been established successfully.
2025-04-21 22:22:33 [INFO]: Server is running on port 5000
2025-04-21 22:22:50 [INFO]: Connection to the database has been established successfully.
2025-04-21 22:22:50 [INFO]: Server is running on port 5000
2025-04-21 22:22:58 [ERROR]: relation "Auth" does not exist
2025-04-21 22:23:35 [INFO]: Connection to the database has been established successfully.
2025-04-21 22:23:35 [INFO]: Server is running on port 5000
2025-04-21 22:23:56 [INFO]: Connection to the database has been established successfully.
2025-04-21 22:23:56 [INFO]: Server is running on port 5000
2025-04-21 22:25:39 [INFO]: Connection to the database has been established successfully.
2025-04-21 22:25:39 [INFO]: Server is running on port 5000
2025-04-21 22:26:14 [INFO]: Connection to the database has been established successfully.
2025-04-21 22:26:14 [INFO]: Server is running on port 5000
2025-04-21 22:28:45 [INFO]: Connection to the database has been established successfully.
2025-04-21 22:28:45 [INFO]: Server is running on port 5000
2025-04-21 22:29:50 [INFO]: Connection to the database has been established successfully.
2025-04-21 22:29:50 [INFO]: Server is running on port 5000
2025-04-21 22:30:43 [INFO]: Connection to the database has been established successfully.
2025-04-21 22:30:43 [INFO]: Server is running on port 5000
2025-04-21 22:33:01 [INFO]: Connection to the database has been established successfully.
2025-04-21 22:33:01 [INFO]: Server is running on port 5000
2025-04-21 22:33:38 [INFO]: Connection to the database has been established successfully.
2025-04-21 22:33:38 [INFO]: Server is running on port 5000
2025-04-21 22:34:10 [INFO]: Connection to the database has been established successfully.
2025-04-21 22:34:10 [INFO]: Server is running on port 5000
2025-04-21 22:34:35 [INFO]: Connection to the database has been established successfully.
2025-04-21 22:34:35 [INFO]: Server is running on port 5000
2025-04-21 22:43:12 [INFO]: Connection to the database has been established successfully.
2025-04-21 22:43:12 [INFO]: Server is running on port 5000
2025-04-21 22:43:28 [INFO]: Connection to the database has been established successfully.
2025-04-21 22:43:28 [INFO]: Server is running on port 5000
2025-04-21 22:43:59 [INFO]: Connection to the database has been established successfully.
2025-04-21 22:43:59 [INFO]: Server is running on port 5000
2025-04-21 22:44:05 [INFO]: Connection to the database has been established successfully.
2025-04-21 22:44:05 [INFO]: Server is running on port 5000
2025-04-21 22:44:22 [INFO]: Connection to the database has been established successfully.
2025-04-21 22:44:22 [INFO]: Server is running on port 5000
2025-04-21 22:44:28 [INFO]: Connection to the database has been established successfully.
2025-04-21 22:44:28 [INFO]: Server is running on port 5000
2025-04-21 22:44:49 [INFO]: req.user
2025-04-21 22:45:17 [INFO]: Connection to the database has been established successfully.
2025-04-21 22:45:17 [INFO]: Server is running on port 5000
2025-04-21 22:45:21 [INFO]: req.user
2025-04-21 22:45:38 [INFO]: req.user
2025-04-21 22:45:57 [INFO]: req.user
2025-04-21 22:46:21 [INFO]: req.user
2025-04-21 22:46:33 [INFO]: req.user
2025-04-21 22:46:45 [INFO]: req.user
2025-04-21 22:47:37 [INFO]: req.user
2025-04-21 22:48:25 [INFO]: Connection to the database has been established successfully.
2025-04-21 22:48:25 [INFO]: Server is running on port 5000
2025-04-21 22:49:29 [INFO]: Connection to the database has been established successfully.
2025-04-21 22:49:29 [INFO]: Server is running on port 5000
2025-04-21 22:49:33 [INFO]: Connection to the database has been established successfully.
2025-04-21 22:49:33 [INFO]: Server is running on port 5000
2025-04-21 22:49:49 [INFO]: Connection to the database has been established successfully.
2025-04-21 22:49:49 [INFO]: Server is running on port 5000
2025-04-21 22:50:11 [INFO]: Connection to the database has been established successfully.
2025-04-21 22:50:11 [INFO]: Server is running on port 5000
2025-04-21 22:50:32 [INFO]: req.user
2025-04-21 22:52:24 [INFO]: Connection to the database has been established successfully.
2025-04-21 22:52:24 [INFO]: Server is running on port 5000
2025-04-21 22:52:59 [INFO]: Connection to the database has been established successfully.
2025-04-21 22:52:59 [INFO]: Server is running on port 5000
2025-04-21 22:53:10 [INFO]: req.user
2025-04-21 22:53:26 [INFO]: req.user
2025-04-21 22:53:36 [INFO]: req.user
2025-04-21 22:53:43 [INFO]: req.user
2025-04-21 22:54:09 [INFO]: Connection to the database has been established successfully.
2025-04-21 22:54:09 [INFO]: Server is running on port 5000
2025-04-21 22:54:11 [INFO]: req.user
2025-04-21 22:54:38 [INFO]: Connection to the database has been established successfully.
2025-04-21 22:54:38 [INFO]: Server is running on port 5000
2025-04-21 22:54:42 [INFO]: req.user
2025-04-21 22:54:53 [INFO]: req.user
2025-04-21 22:54:54 [INFO]: req.user
2025-04-21 22:55:16 [INFO]: Connection to the database has been established successfully.
2025-04-21 22:55:16 [INFO]: Server is running on port 5000
2025-04-21 22:55:16 [INFO]: req.user
2025-04-21 22:55:17 [INFO]: req.user
2025-04-21 22:55:34 [INFO]: req.user
2025-04-21 23:01:19 [INFO]: Connection to the database has been established successfully.
2025-04-21 23:01:19 [INFO]: Server is running on port 5000
2025-04-21 23:01:49 [INFO]: Connection to the database has been established successfully.
2025-04-21 23:01:49 [INFO]: Server is running on port 5000
2025-04-21 23:01:54 [INFO]: Connection to the database has been established successfully.
2025-04-21 23:01:54 [INFO]: Server is running on port 5000
2025-04-21 23:01:59 [INFO]: Connection to the database has been established successfully.
2025-04-21 23:01:59 [INFO]: Server is running on port 5000
2025-04-21 23:02:04 [INFO]: Connection to the database has been established successfully.
2025-04-21 23:02:04 [INFO]: Server is running on port 5000
2025-04-21 23:02:08 [INFO]: Connection to the database has been established successfully.
2025-04-21 23:02:08 [INFO]: Server is running on port 5000
2025-04-21 23:02:21 [INFO]: Connection to the database has been established successfully.
2025-04-21 23:02:22 [INFO]: Server is running on port 5000
2025-04-21 23:02:42 [INFO]: Connection to the database has been established successfully.
2025-04-21 23:02:42 [INFO]: Server is running on port 5000
2025-04-21 23:02:49 [INFO]: Connection to the database has been established successfully.
2025-04-21 23:02:49 [INFO]: Server is running on port 5000
2025-04-21 23:03:11 [INFO]: req.user
2025-04-21 23:04:55 [INFO]: Connection to the database has been established successfully.
2025-04-21 23:04:55 [INFO]: Server is running on port 5000
2025-04-21 23:05:00 [INFO]: req.user
2025-04-21 23:05:01 [INFO]: req.user
2025-04-21 23:05:21 [INFO]: Connection to the database has been established successfully.
2025-04-21 23:05:21 [INFO]: Server is running on port 5000
2025-04-21 23:05:23 [INFO]: req.user
2025-04-21 23:05:24 [INFO]: req.user
2025-04-21 23:05:24 [INFO]: req.user
2025-04-21 23:06:07 [INFO]: Connection to the database has been established successfully.
2025-04-21 23:06:07 [INFO]: Server is running on port 5000
2025-04-21 23:06:09 [INFO]: req.user
2025-04-21 23:06:09 [ERROR]: Include unexpected. Element has to be either a Model, an Association or an object.
2025-04-21 23:06:49 [INFO]: Connection to the database has been established successfully.
2025-04-21 23:06:49 [INFO]: Server is running on port 5000
2025-04-21 23:06:55 [INFO]: req.user
2025-04-21 23:06:55 [ERROR]: column Users.userId does not exist
2025-04-21 23:07:38 [INFO]: Connection to the database has been established successfully.
2025-04-21 23:07:38 [INFO]: Server is running on port 5000
2025-04-21 23:07:41 [INFO]: req.user
2025-04-21 23:08:00 [INFO]: Connection to the database has been established successfully.
2025-04-21 23:08:00 [INFO]: Server is running on port 5000
2025-04-21 23:08:38 [INFO]: Connection to the database has been established successfully.
2025-04-21 23:08:38 [INFO]: Server is running on port 5000
2025-04-21 23:08:59 [INFO]: Connection to the database has been established successfully.
2025-04-21 23:08:59 [INFO]: Server is running on port 5000
2025-04-21 23:09:10 [INFO]: Connection to the database has been established successfully.
2025-04-21 23:09:10 [INFO]: Server is running on port 5000
2025-04-21 23:09:15 [INFO]: req.user
2025-04-21 23:09:16 [INFO]: req.user
2025-04-21 23:09:17 [INFO]: req.user
2025-04-21 23:11:19 [INFO]: Connection to the database has been established successfully.
2025-04-21 23:11:19 [INFO]: Server is running on port 5000
2025-04-21 23:11:22 [INFO]: req.user
2025-04-21 23:11:23 [INFO]: req.user
2025-04-21 23:18:16 [INFO]: Connection to the database has been established successfully.
2025-04-21 23:18:16 [INFO]: Server is running on port 5000
2025-04-21 23:18:21 [INFO]: req.user
2025-04-21 23:18:21 [ERROR]: Validation error
2025-04-21 23:19:58 [INFO]: Connection to the database has been established successfully.
2025-04-21 23:19:58 [INFO]: Server is running on port 5000
2025-04-21 23:20:04 [INFO]: req.user
2025-04-21 23:20:04 [ERROR]: Some users do not exist
2025-04-21 23:20:05 [INFO]: req.user
2025-04-21 23:20:05 [ERROR]: Some users do not exist
2025-04-21 23:20:06 [INFO]: req.user
2025-04-21 23:20:06 [ERROR]: Some users do not exist
2025-04-21 23:20:07 [INFO]: req.user
2025-04-21 23:20:07 [ERROR]: Some users do not exist
2025-04-21 23:20:14 [INFO]: req.user
2025-04-21 23:20:15 [INFO]: req.user
2025-04-21 23:20:16 [INFO]: req.user
2025-04-21 23:20:17 [INFO]: req.user
2025-04-22 10:47:45 [ERROR]: 
2025-04-22 10:48:19 [INFO]: Connection to the database has been established successfully.
2025-04-22 10:48:19 [INFO]: Server is running on port 5000
2025-04-22 10:48:19 [ERROR]: Token invalid
2025-04-22 10:48:42 [INFO]: User connected: 47d28d15-ef9a-4ee7-a68f-8c247bc1db10
2025-04-22 10:51:01 [INFO]: Connection to the database has been established successfully.
2025-04-22 10:51:01 [INFO]: Server is running on port 5000
2025-04-22 10:51:01 [INFO]: User connected: 47d28d15-ef9a-4ee7-a68f-8c247bc1db10
2025-04-22 10:51:51 [INFO]: Connection to the database has been established successfully.
2025-04-22 10:51:51 [INFO]: Server is running on port 5000
2025-04-22 10:51:54 [INFO]: User connected: 47d28d15-ef9a-4ee7-a68f-8c247bc1db10
2025-04-22 10:52:23 [INFO]: Connection to the database has been established successfully.
2025-04-22 10:52:23 [INFO]: Server is running on port 5000
2025-04-22 10:52:26 [INFO]: User connected: 47d28d15-ef9a-4ee7-a68f-8c247bc1db10
2025-04-22 10:54:26 [INFO]: Connection to the database has been established successfully.
2025-04-22 10:54:26 [INFO]: Server is running on port 5000
2025-04-22 10:54:26 [INFO]: User connected: 47d28d15-ef9a-4ee7-a68f-8c247bc1db10
2025-04-22 10:54:27 [ERROR]: Message validation error: "conversationId" is required
2025-04-22 10:56:08 [INFO]: req.user
2025-04-22 10:56:26 [INFO]: Client disconnected
2025-04-22 10:56:27 [INFO]: User connected: 47d28d15-ef9a-4ee7-a68f-8c247bc1db10
2025-04-22 10:56:28 [INFO]: Message received: undefined in conversation: 44eaed2a-8fe0-422d-8d37-e97db494842e
2025-04-22 10:57:30 [INFO]: Connection to the database has been established successfully.
2025-04-22 10:57:30 [INFO]: Server is running on port 5000
2025-04-22 10:57:31 [INFO]: User connected: 47d28d15-ef9a-4ee7-a68f-8c247bc1db10
2025-04-22 10:57:50 [INFO]: Connection to the database has been established successfully.
2025-04-22 10:57:50 [INFO]: Server is running on port 5000
2025-04-22 10:57:50 [INFO]: User connected: 47d28d15-ef9a-4ee7-a68f-8c247bc1db10
2025-04-22 10:58:20 [INFO]: Connection to the database has been established successfully.
2025-04-22 10:58:20 [INFO]: Server is running on port 5000
2025-04-22 10:58:20 [INFO]: User connected: 47d28d15-ef9a-4ee7-a68f-8c247bc1db10
2025-04-22 10:58:26 [INFO]: Message received: ahihi in conversation: 44eaed2a-8fe0-422d-8d37-e97db494842e
2025-04-22 10:58:49 [INFO]: User connected: 47d28d15-ef9a-4ee7-a68f-8c247bc1db10
2025-04-22 11:03:37 [INFO]: Client disconnected
2025-04-22 11:03:37 [INFO]: User connected: 47d28d15-ef9a-4ee7-a68f-8c247bc1db10
2025-04-22 11:03:37 [INFO]: Client disconnected
2025-04-22 11:03:38 [INFO]: Client disconnected
2025-04-22 11:03:38 [INFO]: User connected: 47d28d15-ef9a-4ee7-a68f-8c247bc1db10
2025-04-22 11:03:38 [INFO]: Client disconnected
2025-04-22 11:04:30 [INFO]: User connected: 5cf4a161-d02d-4ce7-aeee-f70bc2f32a91
2025-04-22 11:04:34 [INFO]: User connected: 5cf4a161-d02d-4ce7-aeee-f70bc2f32a91
2025-04-22 11:05:01 [INFO]: Client disconnected
2025-04-22 11:05:02 [INFO]: User connected: 5cf4a161-d02d-4ce7-aeee-f70bc2f32a91
2025-04-22 11:05:29 [INFO]: Client disconnected
2025-04-22 11:05:29 [INFO]: User connected: 47d28d15-ef9a-4ee7-a68f-8c247bc1db10
2025-04-22 11:05:31 [INFO]: Client disconnected
2025-04-22 11:05:31 [INFO]: User connected: 47d28d15-ef9a-4ee7-a68f-8c247bc1db10
2025-04-22 11:05:32 [INFO]: Client disconnected
2025-04-22 11:05:32 [INFO]: User connected: 47d28d15-ef9a-4ee7-a68f-8c247bc1db10
2025-04-22 11:05:55 [INFO]: Client disconnected
2025-04-22 11:05:55 [INFO]: User connected: 47d28d15-ef9a-4ee7-a68f-8c247bc1db10
2025-04-22 11:06:15 [INFO]: Client disconnected
2025-04-22 11:06:37 [INFO]: User connected: 5cf4a161-d02d-4ce7-aeee-f70bc2f32a91
2025-04-22 11:06:44 [INFO]: Message received: 123 in conversation: 44eaed2a-8fe0-422d-8d37-e97db494842e
2025-04-22 11:06:53 [INFO]: Message received: 456 in conversation: 44eaed2a-8fe0-422d-8d37-e97db494842e
2025-04-22 11:37:22 [INFO]: Connection to the database has been established successfully.
2025-04-22 11:37:22 [INFO]: Server is running on port 5000
2025-04-22 12:17:05 [INFO]: Connection to the database has been established successfully.
2025-04-22 12:17:05 [INFO]: Server is running on port 5000
2025-04-22 12:25:01 [INFO]: Connection to the database has been established successfully.
2025-04-22 12:25:01 [INFO]: Server is running on port 5000
2025-04-22 12:25:15 [INFO]: Connection to the database has been established successfully.
2025-04-22 12:25:15 [INFO]: Server is running on port 5000
2025-04-22 12:27:41 [INFO]: Connection to the database has been established successfully.
2025-04-22 12:27:41 [INFO]: Server is running on port 5000
2025-04-22 12:27:55 [INFO]: Connection to the database has been established successfully.
2025-04-22 12:27:55 [INFO]: Server is running on port 5000
2025-04-22 12:27:58 [INFO]: req.user
2025-04-22 12:27:58 [ERROR]: Private conversation already exists
2025-04-22 12:27:59 [INFO]: req.user
2025-04-22 12:27:59 [ERROR]: Private conversation already exists
2025-04-22 12:28:20 [INFO]: req.user
2025-04-22 12:28:21 [INFO]: req.user
2025-04-22 12:28:21 [ERROR]: Private conversation already exists
2025-04-22 12:28:22 [INFO]: req.user
2025-04-22 12:28:22 [ERROR]: Private conversation already exists
2025-04-22 12:28:23 [INFO]: req.user
2025-04-22 12:28:23 [ERROR]: Private conversation already exists
2025-04-22 12:28:24 [INFO]: req.user
2025-04-22 12:28:24 [ERROR]: Private conversation already exists
2025-04-22 12:28:24 [INFO]: req.user
2025-04-22 12:28:24 [ERROR]: Private conversation already exists
2025-04-22 12:30:48 [INFO]: Connection to the database has been established successfully.
2025-04-22 12:30:48 [INFO]: Server is running on port 5000
2025-04-22 16:00:34 [ERROR]: 
2025-04-22 16:01:31 [INFO]: Connection to the database has been established successfully.
2025-04-22 16:01:31 [INFO]: Server is running on port 5000
2025-04-22 16:01:59 [INFO]: Connection to the database has been established successfully.
2025-04-22 16:01:59 [INFO]: Server is running on port 5000
2025-04-22 16:02:05 [INFO]: Connection to the database has been established successfully.
2025-04-22 16:02:05 [INFO]: Server is running on port 5000
2025-04-22 16:02:29 [INFO]: Connection to the database has been established successfully.
2025-04-22 16:02:29 [INFO]: Server is running on port 5000
2025-04-22 16:02:37 [INFO]: req.user
2025-04-22 16:02:52 [INFO]: Connection to the database has been established successfully.
2025-04-22 16:02:52 [INFO]: Server is running on port 5000
2025-04-22 16:03:08 [INFO]: User connected: 5cf4a161-d02d-4ce7-aeee-f70bc2f32a91
2025-04-22 16:03:08 [INFO]: Socket VUe5cA35MOGPhBvWAAAB joined conversation d5a0e231-36af-4816-a133-28aa1659f053
2025-04-22 16:03:27 [INFO]: User connected: 47d28d15-ef9a-4ee7-a68f-8c247bc1db10
2025-04-22 16:03:27 [INFO]: Socket zkwt1ppImtnNWZlJAAAD joined conversation d5a0e231-36af-4816-a133-28aa1659f053
2025-04-22 16:03:36 [INFO]: Client disconnected
2025-04-22 16:03:53 [INFO]: Connection to the database has been established successfully.
2025-04-22 16:03:53 [INFO]: Server is running on port 5000
2025-04-22 16:03:56 [INFO]: User connected: 47d28d15-ef9a-4ee7-a68f-8c247bc1db10
2025-04-22 16:03:59 [INFO]: Client disconnected
2025-04-22 16:04:05 [INFO]: User connected: 47d28d15-ef9a-4ee7-a68f-8c247bc1db10
2025-04-22 16:04:05 [INFO]: Socket MAqN2KHnyADW5mv-AAAD joined conversation d5a0e231-36af-4816-a133-28aa1659f053
2025-04-22 16:04:06 [INFO]: Client disconnected
2025-04-22 16:04:28 [INFO]: Connection to the database has been established successfully.
2025-04-22 16:04:28 [INFO]: Server is running on port 5000
2025-04-22 16:04:37 [INFO]: Connection to the database has been established successfully.
2025-04-22 16:04:37 [INFO]: Server is running on port 5000
2025-04-22 16:05:44 [INFO]: Connection to the database has been established successfully.
2025-04-22 16:05:44 [INFO]: Server is running on port 5000
2025-04-22 16:06:02 [INFO]: Connection to the database has been established successfully.
2025-04-22 16:06:02 [INFO]: Server is running on port 5000
2025-04-22 16:06:09 [INFO]: User connected: 5cf4a161-d02d-4ce7-aeee-f70bc2f32a91
2025-04-22 16:06:09 [INFO]: Socket B9b34-Ea7cwD_6jGAAAB joined conversation d5a0e231-36af-4816-a133-28aa1659f053
2025-04-22 16:06:11 [INFO]: User connected: 47d28d15-ef9a-4ee7-a68f-8c247bc1db10
2025-04-22 16:06:11 [INFO]: Socket dA0Cjp_mDtxiTN87AAAD joined conversation d5a0e231-36af-4816-a133-28aa1659f053
2025-04-22 16:06:21 [INFO]: Message received: ahihi
 in conversation: d5a0e231-36af-4816-a133-28aa1659f053
2025-04-22 16:07:27 [INFO]: Connection to the database has been established successfully.
2025-04-22 16:07:27 [INFO]: Server is running on port 5000
2025-04-22 16:07:28 [INFO]: User connected: 47d28d15-ef9a-4ee7-a68f-8c247bc1db10
2025-04-22 16:07:29 [INFO]: Client disconnected
2025-04-22 16:07:36 [INFO]: User connected: 5cf4a161-d02d-4ce7-aeee-f70bc2f32a91
2025-04-22 16:07:36 [INFO]: Socket pkn2yuvXRYEG6Se7AAAD joined conversation d5a0e231-36af-4816-a133-28aa1659f053
2025-04-22 16:07:38 [INFO]: User connected: 47d28d15-ef9a-4ee7-a68f-8c247bc1db10
2025-04-22 16:07:38 [INFO]: Socket 9PwZ8TPdyhsJ0tJdAAAF joined conversation d5a0e231-36af-4816-a133-28aa1659f053
2025-04-22 16:07:48 [INFO]: User 5cf4a161-d02d-4ce7-aeee-f70bc2f32a91 seen conversation: d5a0e231-36af-4816-a133-28aa1659f053
2025-04-22 16:08:48 [INFO]: Client disconnected
2025-04-22 16:08:50 [INFO]: Client disconnected
2025-04-22 16:09:10 [INFO]: User connected: 5cf4a161-d02d-4ce7-aeee-f70bc2f32a91
2025-04-22 16:09:11 [INFO]: Socket 3IEEYUspfYy_ZnIGAAAH joined conversation d5a0e231-36af-4816-a133-28aa1659f053
2025-04-22 16:09:12 [INFO]: User connected: 47d28d15-ef9a-4ee7-a68f-8c247bc1db10
2025-04-22 16:09:12 [INFO]: Socket BLuqM50QTY5viniuAAAJ joined conversation d5a0e231-36af-4816-a133-28aa1659f053
2025-04-22 16:09:19 [INFO]: User 5cf4a161-d02d-4ce7-aeee-f70bc2f32a91 seen conversation: d5a0e231-36af-4816-a133-28aa1659f053
2025-04-22 16:09:23 [INFO]: User 5cf4a161-d02d-4ce7-aeee-f70bc2f32a91 seen conversation: d5a0e231-36af-4816-a133-28aa1659f053
2025-04-22 16:09:27 [INFO]: User 5cf4a161-d02d-4ce7-aeee-f70bc2f32a91 is typing in conversation: d5a0e231-36af-4816-a133-28aa1659f053
2025-04-22 16:09:32 [INFO]: User 5cf4a161-d02d-4ce7-aeee-f70bc2f32a91 is typing in conversation: d5a0e231-36af-4816-a133-28aa1659f053
2025-04-22 16:09:48 [INFO]: Message received: "thoi in conversation: d5a0e231-36af-4816-a133-28aa1659f053
2025-04-22 16:10:11 [INFO]: Message received: "quen in conversation: d5a0e231-36af-4816-a133-28aa1659f053
2025-04-22 16:10:23 [INFO]: req.user
2025-04-22 16:19:45 [INFO]: Connection to the database has been established successfully.
2025-04-22 16:19:45 [INFO]: Server is running on port 5000
2025-04-22 16:19:45 [INFO]: User connected: 47d28d15-ef9a-4ee7-a68f-8c247bc1db10
2025-04-22 16:19:49 [INFO]: User connected: 5cf4a161-d02d-4ce7-aeee-f70bc2f32a91
2025-04-22 16:20:51 [INFO]: Connection to the database has been established successfully.
2025-04-22 16:20:51 [INFO]: Server is running on port 5000
2025-04-22 16:20:56 [INFO]: User connected: 47d28d15-ef9a-4ee7-a68f-8c247bc1db10
2025-04-22 16:20:56 [INFO]: User connected: 5cf4a161-d02d-4ce7-aeee-f70bc2f32a91
2025-04-22 16:21:56 [INFO]: Connection to the database has been established successfully.
2025-04-22 16:21:56 [INFO]: Server is running on port 5000
2025-04-22 16:21:59 [INFO]: User connected: 47d28d15-ef9a-4ee7-a68f-8c247bc1db10
2025-04-22 16:22:00 [INFO]: User connected: 5cf4a161-d02d-4ce7-aeee-f70bc2f32a91
2025-04-22 16:23:09 [INFO]: Connection to the database has been established successfully.
2025-04-22 16:23:09 [INFO]: Server is running on port 5000
2025-04-22 16:23:10 [INFO]: User connected: 5cf4a161-d02d-4ce7-aeee-f70bc2f32a91
2025-04-22 16:23:10 [INFO]: User connected: 47d28d15-ef9a-4ee7-a68f-8c247bc1db10
2025-04-22 16:23:30 [INFO]: Connection to the database has been established successfully.
2025-04-22 16:23:31 [INFO]: Server is running on port 5000
2025-04-22 16:23:31 [INFO]: User connected: 47d28d15-ef9a-4ee7-a68f-8c247bc1db10
2025-04-22 16:23:32 [INFO]: User connected: 5cf4a161-d02d-4ce7-aeee-f70bc2f32a91
2025-04-22 16:23:42 [INFO]: Connection to the database has been established successfully.
2025-04-22 16:23:42 [INFO]: Server is running on port 5000
2025-04-22 16:23:45 [INFO]: User connected: 5cf4a161-d02d-4ce7-aeee-f70bc2f32a91
2025-04-22 16:23:45 [INFO]: User connected: 47d28d15-ef9a-4ee7-a68f-8c247bc1db10
2025-04-22 16:26:28 [INFO]: Connection to the database has been established successfully.
2025-04-22 16:26:28 [INFO]: Server is running on port 5000
2025-04-22 16:26:29 [INFO]: User connected: 47d28d15-ef9a-4ee7-a68f-8c247bc1db10
2025-04-22 16:26:29 [INFO]: User connected: 5cf4a161-d02d-4ce7-aeee-f70bc2f32a91
2025-04-22 16:28:26 [INFO]: Connection to the database has been established successfully.
2025-04-22 16:28:26 [INFO]: Server is running on port 5000
2025-04-22 16:28:26 [INFO]: User connected: 47d28d15-ef9a-4ee7-a68f-8c247bc1db10
2025-04-22 16:28:26 [INFO]: User connected: 5cf4a161-d02d-4ce7-aeee-f70bc2f32a91
2025-04-22 16:29:31 [INFO]: Connection to the database has been established successfully.
2025-04-22 16:29:31 [INFO]: Server is running on port 5000
2025-04-22 16:29:33 [INFO]: User connected: 47d28d15-ef9a-4ee7-a68f-8c247bc1db10
2025-04-22 16:29:35 [INFO]: User connected: 5cf4a161-d02d-4ce7-aeee-f70bc2f32a91
2025-04-22 16:33:00 [INFO]: Connection to the database has been established successfully.
2025-04-22 16:33:00 [INFO]: Server is running on port 5000
2025-04-22 16:33:00 [INFO]: User connected: 5cf4a161-d02d-4ce7-aeee-f70bc2f32a91
2025-04-22 16:33:04 [INFO]: User connected: 47d28d15-ef9a-4ee7-a68f-8c247bc1db10
2025-04-22 16:34:27 [INFO]: Connection to the database has been established successfully.
2025-04-22 16:34:27 [INFO]: Server is running on port 5000
2025-04-22 16:34:28 [INFO]: User connected: 5cf4a161-d02d-4ce7-aeee-f70bc2f32a91
2025-04-22 16:34:30 [INFO]: User connected: 47d28d15-ef9a-4ee7-a68f-8c247bc1db10
2025-04-22 16:35:15 [INFO]: Connection to the database has been established successfully.
2025-04-22 16:35:15 [INFO]: Server is running on port 5000
2025-04-22 16:35:16 [INFO]: User connected: 5cf4a161-d02d-4ce7-aeee-f70bc2f32a91
2025-04-22 16:35:20 [INFO]: User connected: 47d28d15-ef9a-4ee7-a68f-8c247bc1db10
2025-04-22 16:36:42 [INFO]: Connection to the database has been established successfully.
2025-04-22 16:36:42 [INFO]: Server is running on port 5000
2025-04-22 16:36:42 [INFO]: User connected: 5cf4a161-d02d-4ce7-aeee-f70bc2f32a91
2025-04-22 16:36:43 [INFO]: User connected: 47d28d15-ef9a-4ee7-a68f-8c247bc1db10
2025-04-22 16:36:54 [INFO]: Connection to the database has been established successfully.
2025-04-22 16:36:54 [INFO]: Server is running on port 5000
2025-04-22 16:36:55 [INFO]: User connected: 5cf4a161-d02d-4ce7-aeee-f70bc2f32a91
2025-04-22 16:36:59 [INFO]: User connected: 47d28d15-ef9a-4ee7-a68f-8c247bc1db10
2025-04-22 16:38:48 [INFO]: Connection to the database has been established successfully.
2025-04-22 16:38:48 [INFO]: Server is running on port 5000
2025-04-22 16:38:49 [INFO]: User connected: 5cf4a161-d02d-4ce7-aeee-f70bc2f32a91
2025-04-22 16:38:49 [INFO]: User connected: 47d28d15-ef9a-4ee7-a68f-8c247bc1db10
2025-04-22 16:39:57 [INFO]: Connection to the database has been established successfully.
2025-04-22 16:39:57 [INFO]: Server is running on port 5000
2025-04-22 16:39:58 [INFO]: User connected: 47d28d15-ef9a-4ee7-a68f-8c247bc1db10
2025-04-22 16:40:01 [INFO]: User connected: 5cf4a161-d02d-4ce7-aeee-f70bc2f32a91
2025-04-22 16:40:20 [INFO]: Connection to the database has been established successfully.
2025-04-22 16:40:20 [INFO]: Server is running on port 5000
2025-04-22 16:40:21 [INFO]: User connected: 47d28d15-ef9a-4ee7-a68f-8c247bc1db10
2025-04-22 16:40:25 [INFO]: Connection to the database has been established successfully.
2025-04-22 16:40:25 [INFO]: Server is running on port 5000
2025-04-22 16:40:25 [INFO]: User connected: 47d28d15-ef9a-4ee7-a68f-8c247bc1db10
2025-04-22 16:40:29 [INFO]: User connected: 5cf4a161-d02d-4ce7-aeee-f70bc2f32a91
2025-04-22 16:40:43 [INFO]: Connection to the database has been established successfully.
2025-04-22 16:40:43 [INFO]: Server is running on port 5000
2025-04-22 16:40:45 [INFO]: User connected: 5cf4a161-d02d-4ce7-aeee-f70bc2f32a91
2025-04-22 16:40:46 [INFO]: User connected: 47d28d15-ef9a-4ee7-a68f-8c247bc1db10
2025-04-22 16:41:46 [INFO]: Connection to the database has been established successfully.
2025-04-22 16:41:46 [INFO]: Server is running on port 5000
2025-04-22 16:41:47 [INFO]: User connected: 5cf4a161-d02d-4ce7-aeee-f70bc2f32a91
2025-04-22 16:41:51 [INFO]: User connected: 47d28d15-ef9a-4ee7-a68f-8c247bc1db10
2025-04-22 16:42:33 [INFO]: Connection to the database has been established successfully.
2025-04-22 16:42:33 [INFO]: Server is running on port 5000
2025-04-22 16:42:33 [INFO]: User connected: 47d28d15-ef9a-4ee7-a68f-8c247bc1db10
2025-04-22 16:42:36 [INFO]: User connected: 5cf4a161-d02d-4ce7-aeee-f70bc2f32a91
2025-04-22 16:43:05 [INFO]: Connection to the database has been established successfully.
2025-04-22 16:43:05 [INFO]: Server is running on port 5000
2025-04-22 16:43:05 [INFO]: User connected: 47d28d15-ef9a-4ee7-a68f-8c247bc1db10
2025-04-22 16:43:08 [INFO]: User connected: 5cf4a161-d02d-4ce7-aeee-f70bc2f32a91
2025-04-22 16:43:27 [INFO]: Connection to the database has been established successfully.
2025-04-22 16:43:27 [INFO]: Server is running on port 5000
2025-04-22 16:43:29 [INFO]: User connected: 5cf4a161-d02d-4ce7-aeee-f70bc2f32a91
2025-04-22 16:43:31 [INFO]: User connected: 47d28d15-ef9a-4ee7-a68f-8c247bc1db10
2025-04-22 16:46:13 [INFO]: Connection to the database has been established successfully.
2025-04-22 16:46:13 [INFO]: Server is running on port 5000
2025-04-22 16:46:15 [INFO]: User connected: 47d28d15-ef9a-4ee7-a68f-8c247bc1db10
2025-04-22 16:46:17 [INFO]: User connected: 5cf4a161-d02d-4ce7-aeee-f70bc2f32a91
2025-04-22 16:48:25 [INFO]: Connection to the database has been established successfully.
2025-04-22 16:48:25 [INFO]: Server is running on port 5000
2025-04-22 16:48:25 [INFO]: User connected: 47d28d15-ef9a-4ee7-a68f-8c247bc1db10
2025-04-22 16:48:25 [INFO]: User connected: 5cf4a161-d02d-4ce7-aeee-f70bc2f32a91
2025-04-22 16:48:30 [INFO]: Connection to the database has been established successfully.
2025-04-22 16:48:30 [INFO]: Server is running on port 5000
2025-04-22 16:48:31 [INFO]: User connected: 47d28d15-ef9a-4ee7-a68f-8c247bc1db10
2025-04-22 16:48:35 [INFO]: User connected: 5cf4a161-d02d-4ce7-aeee-f70bc2f32a91
2025-04-22 16:48:57 [INFO]: Connection to the database has been established successfully.
2025-04-22 16:48:57 [INFO]: Server is running on port 5000
2025-04-22 16:48:57 [INFO]: User connected: 5cf4a161-d02d-4ce7-aeee-f70bc2f32a91
2025-04-22 16:48:58 [INFO]: User connected: 47d28d15-ef9a-4ee7-a68f-8c247bc1db10
2025-04-22 16:51:39 [INFO]: req.user
2025-04-22 16:51:41 [INFO]: req.user
2025-04-22 16:51:49 [INFO]: Connection to the database has been established successfully.
2025-04-22 16:51:50 [INFO]: Server is running on port 5000
2025-04-22 16:51:52 [INFO]: req.user
2025-04-22 16:51:54 [INFO]: User connected: 5cf4a161-d02d-4ce7-aeee-f70bc2f32a91
2025-04-22 16:51:55 [INFO]: User connected: 47d28d15-ef9a-4ee7-a68f-8c247bc1db10
2025-04-22 16:52:41 [INFO]: Connection to the database has been established successfully.
2025-04-22 16:52:41 [INFO]: Server is running on port 5000
2025-04-22 16:52:41 [INFO]: User connected: 5cf4a161-d02d-4ce7-aeee-f70bc2f32a91
2025-04-22 16:52:42 [INFO]: Client disconnected
2025-04-22 16:52:44 [INFO]: req.user
2025-04-22 16:52:59 [INFO]: Connection to the database has been established successfully.
2025-04-22 16:52:59 [INFO]: Server is running on port 5000
2025-04-22 16:53:00 [INFO]: req.user
2025-04-22 16:53:00 [ERROR]: Conversation :conversationId not found
2025-04-22 16:53:01 [INFO]: req.user
2025-04-22 16:53:01 [ERROR]: Conversation :conversationId not found
2025-04-22 16:53:05 [INFO]: req.user
2025-04-22 16:53:10 [INFO]: req.user
2025-04-22 17:08:15 [INFO]: Connection to the database has been established successfully.
2025-04-22 17:08:15 [INFO]: Server is running on port 5000
2025-04-22 17:08:20 [INFO]: Connection to the database has been established successfully.
2025-04-22 17:08:20 [INFO]: Server is running on port 5000
2025-04-22 17:08:55 [INFO]: User connected: 5cf4a161-d02d-4ce7-aeee-f70bc2f32a91
2025-04-22 17:08:55 [INFO]: Socket U0HGp3xaWajD344yAAAB joined conversation d5a0e231-36af-4816-a133-28aa1659f053
2025-04-22 17:08:58 [INFO]: User connected: 47d28d15-ef9a-4ee7-a68f-8c247bc1db10
2025-04-22 17:08:58 [INFO]: Socket JAt6UdetU1hMAw_BAAAD joined conversation d5a0e231-36af-4816-a133-28aa1659f053
2025-04-22 17:09:03 [INFO]: User 5cf4a161-d02d-4ce7-aeee-f70bc2f32a91 seen conversation: d5a0e231-36af-4816-a133-28aa1659f053
2025-04-22 17:09:09 [INFO]: User 5cf4a161-d02d-4ce7-aeee-f70bc2f32a91 is typing in conversation: d5a0e231-36af-4816-a133-28aa1659f053
2025-04-22 17:09:12 [INFO]: Client disconnected
2025-04-22 17:09:12 [INFO]: Client disconnected
2025-04-22 17:09:34 [INFO]: User connected: 5cf4a161-d02d-4ce7-aeee-f70bc2f32a91
2025-04-22 17:09:34 [INFO]: Socket mwJiYVGjBI9HC3ksAAAF joined conversation d5a0e231-36af-4816-a133-28aa1659f053
2025-04-22 17:09:36 [INFO]: User connected: 47d28d15-ef9a-4ee7-a68f-8c247bc1db10
2025-04-22 17:09:36 [INFO]: Socket R4PMlgk7GSWWoNHYAAAH joined conversation d5a0e231-36af-4816-a133-28aa1659f053
2025-04-22 17:09:40 [INFO]: Message received: ahihi
 in conversation: d5a0e231-36af-4816-a133-28aa1659f053
2025-04-22 17:09:46 [INFO]: User 47d28d15-ef9a-4ee7-a68f-8c247bc1db10 seen conversation: d5a0e231-36af-4816-a133-28aa1659f053
2025-04-22 17:09:53 [INFO]: User 47d28d15-ef9a-4ee7-a68f-8c247bc1db10 is typing in conversation: d5a0e231-36af-4816-a133-28aa1659f053
2025-04-22 17:09:58 [INFO]: Message received: ahihi
 in conversation: d5a0e231-36af-4816-a133-28aa1659f053
2025-04-22 17:10:00 [INFO]: Client disconnected
2025-04-22 17:10:00 [INFO]: Client disconnected
2025-04-22 17:12:45 [INFO]: Connection to the database has been established successfully.
2025-04-22 17:12:45 [INFO]: Server is running on port 5000
2025-04-22 17:12:58 [INFO]: Connection to the database has been established successfully.
2025-04-22 17:12:58 [INFO]: Server is running on port 5000
2025-04-22 17:14:05 [INFO]: Connection to the database has been established successfully.
2025-04-22 17:14:05 [INFO]: Server is running on port 5000
2025-04-22 17:14:55 [INFO]: Connection to the database has been established successfully.
2025-04-22 17:14:55 [INFO]: Server is running on port 5000
2025-04-22 17:15:03 [INFO]: Connection to the database has been established successfully.
2025-04-22 17:15:03 [INFO]: Server is running on port 5000
2025-04-22 17:15:04 [INFO]: User connected: 5cf4a161-d02d-4ce7-aeee-f70bc2f32a91
2025-04-22 17:15:04 [INFO]: Socket pj7QI1HUh4DjA_RTAAAB joined conversation d5a0e231-36af-4816-a133-28aa1659f053
2025-04-22 17:15:07 [ERROR]: "timestamp" is required
2025-04-22 17:15:09 [ERROR]: "timestamp" is required
2025-04-22 17:15:09 [ERROR]: "timestamp" is required
2025-04-22 17:15:09 [ERROR]: "timestamp" is required
2025-04-22 17:15:12 [INFO]: Message received: undefined in conversation: d5a0e231-36af-4816-a133-28aa1659f053
2025-04-22 17:15:12 [ERROR]: Message validation error: "content" is required
2025-04-22 17:15:16 [ERROR]: "timestamp" is required
2025-04-22 17:15:24 [INFO]: Client disconnected
2025-04-22 17:15:57 [INFO]: Connection to the database has been established successfully.
2025-04-22 17:15:57 [INFO]: Server is running on port 5000
2025-04-22 17:16:46 [INFO]: Connection to the database has been established successfully.
2025-04-22 17:16:46 [INFO]: Server is running on port 5000
2025-04-22 17:18:37 [INFO]: Connection to the database has been established successfully.
2025-04-22 17:18:37 [INFO]: Server is running on port 5000
2025-04-22 17:18:46 [INFO]: Connection to the database has been established successfully.
2025-04-22 17:18:46 [INFO]: Server is running on port 5000
2025-04-22 17:20:15 [INFO]: Connection to the database has been established successfully.
2025-04-22 17:20:15 [INFO]: Server is running on port 5000
2025-04-22 17:22:49 [INFO]: Connection to the database has been established successfully.
2025-04-22 17:22:49 [INFO]: Server is running on port 5000
2025-04-22 17:22:53 [INFO]: Connection to the database has been established successfully.
2025-04-22 17:22:53 [INFO]: Server is running on port 5000
2025-04-22 17:22:55 [INFO]: User connected: 5cf4a161-d02d-4ce7-aeee-f70bc2f32a91
2025-04-22 17:22:55 [INFO]: Socket S_ZWUJpHvGVfwoo2AAAB joined conversation d5a0e231-36af-4816-a133-28aa1659f053
2025-04-22 17:22:57 [INFO]: User connected: 47d28d15-ef9a-4ee7-a68f-8c247bc1db10
2025-04-22 17:22:57 [INFO]: Socket 6NstX37KZbVyqe9XAAAD joined conversation d5a0e231-36af-4816-a133-28aa1659f053
2025-04-22 17:22:58 [ERROR]: "timestamp" is required
2025-04-22 17:23:32 [INFO]: Client disconnected
2025-04-22 17:23:33 [INFO]: Client disconnected
2025-04-22 17:23:36 [INFO]: User connected: 5cf4a161-d02d-4ce7-aeee-f70bc2f32a91
2025-04-22 17:23:36 [INFO]: Socket EBrlKr_eiBXb94loAAAF joined conversation d5a0e231-36af-4816-a133-28aa1659f053
2025-04-22 17:23:37 [INFO]: User connected: 47d28d15-ef9a-4ee7-a68f-8c247bc1db10
2025-04-22 17:23:37 [INFO]: Socket xcXznuYzvOFVDaRzAAAH joined conversation d5a0e231-36af-4816-a133-28aa1659f053
2025-04-22 17:23:40 [INFO]: User 5cf4a161-d02d-4ce7-aeee-f70bc2f32a91 seen conversation: d5a0e231-36af-4816-a133-28aa1659f053
2025-04-22 17:23:47 [INFO]: User 47d28d15-ef9a-4ee7-a68f-8c247bc1db10 seen conversation: d5a0e231-36af-4816-a133-28aa1659f053
2025-04-22 17:24:46 [INFO]: Client disconnected
2025-04-22 17:24:47 [INFO]: Client disconnected
2025-04-22 17:25:01 [INFO]: Connection to the database has been established successfully.
2025-04-22 17:25:01 [INFO]: Server is running on port 5000
2025-04-22 17:25:19 [INFO]: Connection to the database has been established successfully.
2025-04-22 17:25:19 [INFO]: Server is running on port 5000
2025-04-22 17:26:36 [INFO]: Connection to the database has been established successfully.
2025-04-22 17:26:36 [INFO]: Server is running on port 5000
2025-04-22 17:26:40 [INFO]: User connected: 5cf4a161-d02d-4ce7-aeee-f70bc2f32a91
2025-04-22 17:26:40 [INFO]: Socket XSq4wE9li03fXCLBAAAB joined conversation d5a0e231-36af-4816-a133-28aa1659f053
2025-04-22 17:26:41 [INFO]: User connected: 47d28d15-ef9a-4ee7-a68f-8c247bc1db10
2025-04-22 17:26:41 [INFO]: Socket GkMqNUObLbpViRhaAAAD joined conversation d5a0e231-36af-4816-a133-28aa1659f053
2025-04-22 17:26:43 [INFO]: Client disconnected
2025-04-22 17:26:43 [INFO]: Connections length: 1
2025-04-22 17:26:44 [INFO]: Client disconnected
2025-04-22 17:26:44 [INFO]: Connections length: 0
2025-04-22 17:26:58 [INFO]: Connection to the database has been established successfully.
2025-04-22 17:26:58 [INFO]: Server is running on port 5000
2025-04-22 17:31:07 [INFO]: Connection to the database has been established successfully.
2025-04-22 17:31:07 [INFO]: Server is running on port 5000
2025-04-22 17:31:19 [INFO]: User connected: 5cf4a161-d02d-4ce7-aeee-f70bc2f32a91
2025-04-22 17:31:19 [INFO]: Socket 5KBVg2vA5c5Q8FOAAAAB joined conversation d5a0e231-36af-4816-a133-28aa1659f053
2025-04-22 17:31:29 [INFO]: Client disconnected
2025-04-22 17:31:29 [INFO]: Connections length: 0
2025-04-22 17:31:53 [INFO]: Connection to the database has been established successfully.
2025-04-22 17:31:53 [INFO]: Server is running on port 5000
2025-04-22 17:31:55 [INFO]: User connected: 5cf4a161-d02d-4ce7-aeee-f70bc2f32a91
2025-04-22 17:31:55 [INFO]: Socket 6ih67NIZTEknoV-DAAAB joined conversation d5a0e231-36af-4816-a133-28aa1659f053
2025-04-22 17:31:57 [INFO]: Client disconnected
2025-04-22 17:31:57 [INFO]: Connections length: 0
2025-04-22 17:32:10 [INFO]: User connected: 5cf4a161-d02d-4ce7-aeee-f70bc2f32a91
2025-04-22 17:32:10 [INFO]: Socket QEgsAeuAS-_yFKD8AAAD joined conversation d5a0e231-36af-4816-a133-28aa1659f053
2025-04-22 17:32:16 [INFO]: Connection to the database has been established successfully.
2025-04-22 17:32:16 [INFO]: Server is running on port 5000
2025-04-22 17:32:17 [INFO]: User connected: 5cf4a161-d02d-4ce7-aeee-f70bc2f32a91
2025-04-22 17:33:44 [INFO]: Connection to the database has been established successfully.
2025-04-22 17:33:44 [INFO]: Server is running on port 5000
2025-04-22 17:33:48 [INFO]: User connected: 5cf4a161-d02d-4ce7-aeee-f70bc2f32a91
2025-04-22 17:33:48 [INFO]: Socket ST8_i4rRlfGSzTk_AAAB joined conversation d5a0e231-36af-4816-a133-28aa1659f053
2025-04-22 17:33:48 [INFO]: Message received: aw
 in conversation: d5a0e231-36af-4816-a133-28aa1659f053
2025-04-22 17:34:05 [INFO]: Connection to the database has been established successfully.
2025-04-22 17:34:05 [INFO]: Server is running on port 5000
2025-04-22 17:34:05 [INFO]: User connected: 5cf4a161-d02d-4ce7-aeee-f70bc2f32a91
2025-04-22 17:34:05 [INFO]: Message received: aw
 in conversation: d5a0e231-36af-4816-a133-28aa1659f053
2025-04-22 18:06:32 [INFO]: Connection to the database has been established successfully.
2025-04-22 18:06:32 [INFO]: Server is running on port 5000
2025-04-22 18:08:19 [INFO]: Connection to the database has been established successfully.
2025-04-22 18:08:19 [INFO]: Server is running on port 5000
2025-04-22 18:08:20 [ERROR]: relation "Auths" does not exist
2025-04-22 18:08:22 [ERROR]: relation "Auths" does not exist
2025-04-22 18:08:28 [ERROR]: relation "Auths" does not exist
2025-04-22 18:09:41 [INFO]: Connection to the database has been established successfully.
2025-04-22 18:09:41 [INFO]: Server is running on port 5000
2025-04-22 18:09:49 [ERROR]: User not found
2025-04-22 18:09:50 [ERROR]: User not found
2025-04-22 18:10:21 [INFO]: req.user
2025-04-22 18:10:43 [INFO]: req.user
2025-04-22 18:10:57 [INFO]: req.user
2025-04-22 18:10:57 [ERROR]: Some users do not exist
2025-04-22 18:11:17 [INFO]: req.user
2025-04-22 18:11:17 [ERROR]: You cannot add yourself to the conversation
2025-04-22 18:12:35 [INFO]: req.user
2025-04-22 18:12:37 [INFO]: req.user
2025-04-22 18:12:37 [ERROR]: Private conversation already exists
2025-04-22 23:03:00 [INFO]: Connection to the database has been established successfully.
2025-04-22 23:03:00 [INFO]: Server is running on port 5000
2025-04-22 23:03:14 [INFO]: User connected: 5cf4a161-d02d-4ce7-aeee-f70bc2f32a91
2025-04-22 23:03:14 [INFO]: Socket eYSUSGUhGEcMxMpCAAAB joined conversation d5a0e231-36af-4816-a133-28aa1659f053
2025-04-22 23:03:20 [INFO]: User connected: 47d28d15-ef9a-4ee7-a68f-8c247bc1db10
2025-04-22 23:03:20 [INFO]: Socket rG1BIE1B3hyEBGFsAAAD joined conversation d5a0e231-36af-4816-a133-28aa1659f053
2025-04-22 23:03:24 [INFO]: Client disconnected
2025-04-22 23:03:24 [INFO]: Connections length: 1
2025-04-22 23:03:24 [INFO]: Client disconnected
2025-04-22 23:03:24 [INFO]: Connections length: 0
2025-04-22 23:04:24 [INFO]: req.user
2025-04-22 23:04:37 [INFO]: User connected: c1c46284-c13d-497a-b32b-866aa344a793
2025-04-22 23:04:37 [INFO]: Socket ppMcM1U0i8zXT3PoAAAF joined conversation 74c61bec-103d-48c6-b5ea-75a6efb3dfa9
2025-04-22 23:04:39 [INFO]: User connected: 228f1eed-de90-4ba3-932c-7feca9ab574c
2025-04-22 23:04:39 [INFO]: Socket LMwPRLRJj7Ey24QnAAAH joined conversation 74c61bec-103d-48c6-b5ea-75a6efb3dfa9
2025-04-22 23:04:48 [INFO]: Message received: 1
 in conversation: 74c61bec-103d-48c6-b5ea-75a6efb3dfa9
2025-04-22 23:04:51 [INFO]: Message received: 2
 in conversation: 74c61bec-103d-48c6-b5ea-75a6efb3dfa9
2025-04-22 23:04:52 [INFO]: Message received: 3
 in conversation: 74c61bec-103d-48c6-b5ea-75a6efb3dfa9
2025-04-22 23:04:53 [INFO]: Message received: 4
 in conversation: 74c61bec-103d-48c6-b5ea-75a6efb3dfa9
2025-04-22 23:04:54 [INFO]: Message received: 5
 in conversation: 74c61bec-103d-48c6-b5ea-75a6efb3dfa9
2025-04-22 23:04:55 [INFO]: Message received: 6
 in conversation: 74c61bec-103d-48c6-b5ea-75a6efb3dfa9
2025-04-22 23:04:56 [INFO]: Message received: 7
 in conversation: 74c61bec-103d-48c6-b5ea-75a6efb3dfa9
2025-04-22 23:05:09 [INFO]: req.user
2025-04-22 23:05:11 [INFO]: req.user
2025-04-22 23:05:48 [INFO]: User 228f1eed-de90-4ba3-932c-7feca9ab574c seen conversation: 74c61bec-103d-48c6-b5ea-75a6efb3dfa9
2025-04-22 23:05:52 [INFO]: req.user
2025-04-22 23:05:53 [INFO]: req.user
2025-04-22 23:05:57 [INFO]: User c1c46284-c13d-497a-b32b-866aa344a793 seen conversation: 74c61bec-103d-48c6-b5ea-75a6efb3dfa9
2025-04-22 23:05:59 [INFO]: req.user
2025-04-22 23:06:00 [INFO]: req.user
2025-04-22 23:06:02 [INFO]: req.user
2025-04-22 23:06:43 [INFO]: Connection to the database has been established successfully.
2025-04-22 23:06:43 [INFO]: Server is running on port 5000
2025-04-22 23:06:47 [INFO]: Connection to the database has been established successfully.
2025-04-22 23:06:47 [INFO]: Server is running on port 5000
2025-04-22 23:06:48 [INFO]: req.user
2025-04-22 23:06:50 [INFO]: User connected: 228f1eed-de90-4ba3-932c-7feca9ab574c
2025-04-22 23:06:52 [INFO]: User connected: c1c46284-c13d-497a-b32b-866aa344a793
2025-04-22 23:08:19 [INFO]: Connection to the database has been established successfully.
2025-04-22 23:08:19 [INFO]: Server is running on port 5000
2025-04-22 23:08:19 [INFO]: User connected: c1c46284-c13d-497a-b32b-866aa344a793
2025-04-22 23:08:20 [INFO]: req.user
2025-04-22 23:08:20 [ERROR]: Cannot read properties of undefined (reading '0')
2025-04-22 23:08:21 [INFO]: User connected: 228f1eed-de90-4ba3-932c-7feca9ab574c
2025-04-22 23:08:36 [INFO]: Connection to the database has been established successfully.
2025-04-22 23:08:36 [INFO]: Server is running on port 5000
2025-04-22 23:08:37 [INFO]: req.user
2025-04-22 23:08:37 [ERROR]: Cannot read properties of undefined (reading '0')
2025-04-22 23:08:37 [INFO]: User connected: 228f1eed-de90-4ba3-932c-7feca9ab574c
2025-04-22 23:08:40 [INFO]: User connected: c1c46284-c13d-497a-b32b-866aa344a793
2025-04-22 23:09:04 [INFO]: Connection to the database has been established successfully.
2025-04-22 23:09:04 [INFO]: Server is running on port 5000
2025-04-22 23:09:05 [INFO]: req.user
2025-04-22 23:09:05 [ERROR]: Cannot read properties of undefined (reading '0')
2025-04-22 23:09:06 [INFO]: req.user
2025-04-22 23:09:06 [ERROR]: Cannot read properties of undefined (reading '0')
2025-04-22 23:09:06 [INFO]: User connected: 228f1eed-de90-4ba3-932c-7feca9ab574c
2025-04-22 23:09:08 [INFO]: User connected: c1c46284-c13d-497a-b32b-866aa344a793
2025-04-22 23:10:42 [INFO]: Connection to the database has been established successfully.
2025-04-22 23:10:42 [INFO]: Server is running on port 5000
2025-04-22 23:10:43 [INFO]: User connected: c1c46284-c13d-497a-b32b-866aa344a793
2025-04-22 23:10:43 [INFO]: req.user
2025-04-22 23:10:43 [INFO]: User connected: 228f1eed-de90-4ba3-932c-7feca9ab574c
2025-04-22 23:11:42 [INFO]: Connection to the database has been established successfully.
2025-04-22 23:11:42 [INFO]: Server is running on port 5000
2025-04-22 23:11:43 [INFO]: User connected: c1c46284-c13d-497a-b32b-866aa344a793
2025-04-22 23:11:44 [INFO]: req.user
2025-04-22 23:11:46 [INFO]: User connected: 228f1eed-de90-4ba3-932c-7feca9ab574c
2025-04-22 23:12:04 [INFO]: Connection to the database has been established successfully.
2025-04-22 23:12:04 [INFO]: Server is running on port 5000
2025-04-22 23:12:04 [INFO]: User connected: c1c46284-c13d-497a-b32b-866aa344a793
2025-04-22 23:12:05 [INFO]: User connected: 228f1eed-de90-4ba3-932c-7feca9ab574c
2025-04-22 23:12:06 [INFO]: req.user
2025-04-22 23:13:15 [INFO]: Connection to the database has been established successfully.
2025-04-22 23:13:15 [INFO]: Server is running on port 5000
2025-04-22 23:13:15 [INFO]: User connected: c1c46284-c13d-497a-b32b-866aa344a793
2025-04-22 23:13:16 [INFO]: req.user
2025-04-22 23:13:18 [INFO]: User connected: 228f1eed-de90-4ba3-932c-7feca9ab574c
2025-04-22 23:13:24 [INFO]: Connection to the database has been established successfully.
2025-04-22 23:13:24 [INFO]: Server is running on port 5000
2025-04-22 23:13:24 [INFO]: User connected: 228f1eed-de90-4ba3-932c-7feca9ab574c
2025-04-22 23:13:26 [INFO]: req.user
2025-04-22 23:13:27 [INFO]: User connected: c1c46284-c13d-497a-b32b-866aa344a793
2025-04-22 23:13:46 [INFO]: Connection to the database has been established successfully.
2025-04-22 23:13:46 [INFO]: Server is running on port 5000
2025-04-22 23:13:46 [INFO]: User connected: c1c46284-c13d-497a-b32b-866aa344a793
2025-04-22 23:13:47 [INFO]: User connected: 228f1eed-de90-4ba3-932c-7feca9ab574c
2025-04-22 23:13:56 [INFO]: Connection to the database has been established successfully.
2025-04-22 23:13:56 [INFO]: Server is running on port 5000
2025-04-22 23:13:57 [INFO]: User connected: 228f1eed-de90-4ba3-932c-7feca9ab574c
2025-04-22 23:13:57 [INFO]: User connected: c1c46284-c13d-497a-b32b-866aa344a793
2025-04-22 23:13:57 [INFO]: req.user
2025-04-22 23:14:14 [INFO]: Connection to the database has been established successfully.
2025-04-22 23:14:14 [INFO]: Server is running on port 5000
2025-04-22 23:14:14 [INFO]: User connected: 228f1eed-de90-4ba3-932c-7feca9ab574c
2025-04-22 23:14:16 [INFO]: User connected: c1c46284-c13d-497a-b32b-866aa344a793
2025-04-22 23:15:07 [INFO]: Connection to the database has been established successfully.
2025-04-22 23:15:07 [INFO]: Server is running on port 5000
2025-04-22 23:15:09 [INFO]: User connected: 228f1eed-de90-4ba3-932c-7feca9ab574c
2025-04-22 23:15:10 [INFO]: req.user
2025-04-22 23:15:11 [INFO]: req.user
2025-04-22 23:15:12 [INFO]: User connected: c1c46284-c13d-497a-b32b-866aa344a793
2025-04-22 23:15:21 [INFO]: Connection to the database has been established successfully.
2025-04-22 23:15:21 [INFO]: Server is running on port 5000
2025-04-22 23:15:22 [INFO]: User connected: c1c46284-c13d-497a-b32b-866aa344a793
2025-04-22 23:15:22 [INFO]: User connected: 228f1eed-de90-4ba3-932c-7feca9ab574c
2025-04-22 23:15:30 [INFO]: Connection to the database has been established successfully.
2025-04-22 23:15:30 [INFO]: Server is running on port 5000
2025-04-22 23:15:30 [INFO]: User connected: 228f1eed-de90-4ba3-932c-7feca9ab574c
2025-04-22 23:15:35 [INFO]: Connection to the database has been established successfully.
2025-04-22 23:15:35 [INFO]: Server is running on port 5000
2025-04-22 23:15:37 [INFO]: req.user
2025-04-22 23:15:38 [INFO]: User connected: 228f1eed-de90-4ba3-932c-7feca9ab574c
2025-04-22 23:15:39 [INFO]: User connected: c1c46284-c13d-497a-b32b-866aa344a793
2025-04-22 23:16:54 [INFO]: Connection to the database has been established successfully.
2025-04-22 23:16:54 [INFO]: Server is running on port 5000
2025-04-22 23:16:55 [INFO]: User connected: 228f1eed-de90-4ba3-932c-7feca9ab574c
2025-04-22 23:16:59 [INFO]: User connected: c1c46284-c13d-497a-b32b-866aa344a793
2025-04-22 23:17:23 [INFO]: Connection to the database has been established successfully.
2025-04-22 23:17:23 [INFO]: Server is running on port 5000
2025-04-22 23:17:24 [INFO]: User connected: c1c46284-c13d-497a-b32b-866aa344a793
2025-04-22 23:17:25 [INFO]: req.user
2025-04-22 23:17:26 [INFO]: User connected: 228f1eed-de90-4ba3-932c-7feca9ab574c
2025-04-22 23:20:51 [INFO]: Connection to the database has been established successfully.
2025-04-22 23:20:51 [INFO]: Server is running on port 5000
2025-04-22 23:20:52 [INFO]: User connected: c1c46284-c13d-497a-b32b-866aa344a793
2025-04-22 23:20:52 [INFO]: req.user
2025-04-22 23:20:53 [INFO]: User connected: 228f1eed-de90-4ba3-932c-7feca9ab574c
2025-04-22 23:21:58 [INFO]: Connection to the database has been established successfully.
2025-04-22 23:21:58 [INFO]: Server is running on port 5000
2025-04-22 23:21:59 [INFO]: User connected: c1c46284-c13d-497a-b32b-866aa344a793
2025-04-22 23:22:01 [INFO]: User connected: 228f1eed-de90-4ba3-932c-7feca9ab574c
2025-04-22 23:22:02 [INFO]: req.user
2025-04-22 23:24:38 [INFO]: Connection to the database has been established successfully.
2025-04-22 23:24:38 [INFO]: Server is running on port 5000
2025-04-22 23:24:38 [INFO]: User connected: c1c46284-c13d-497a-b32b-866aa344a793
2025-04-22 23:24:40 [INFO]: req.user
2025-04-22 23:24:41 [INFO]: User connected: 228f1eed-de90-4ba3-932c-7feca9ab574c
2025-04-22 23:25:35 [INFO]: req.user
2025-04-22 23:25:36 [INFO]: req.user
2025-04-22 23:25:37 [INFO]: req.user
2025-04-22 23:26:04 [INFO]: Connection to the database has been established successfully.
2025-04-22 23:26:04 [INFO]: Server is running on port 5000
2025-04-22 23:26:05 [INFO]: User connected: 228f1eed-de90-4ba3-932c-7feca9ab574c
2025-04-22 23:26:06 [INFO]: req.user
2025-04-22 23:26:08 [INFO]: User connected: c1c46284-c13d-497a-b32b-866aa344a793
2025-04-22 23:26:21 [INFO]: Connection to the database has been established successfully.
2025-04-22 23:26:21 [INFO]: Server is running on port 5000
2025-04-22 23:26:21 [INFO]: User connected: 228f1eed-de90-4ba3-932c-7feca9ab574c
2025-04-22 23:26:23 [INFO]: req.user
2025-04-22 23:26:23 [INFO]: User connected: c1c46284-c13d-497a-b32b-866aa344a793
2025-04-22 23:27:19 [INFO]: Connection to the database has been established successfully.
2025-04-22 23:27:19 [INFO]: Server is running on port 5000
2025-04-22 23:27:19 [INFO]: User connected: 228f1eed-de90-4ba3-932c-7feca9ab574c
2025-04-22 23:27:23 [INFO]: User connected: c1c46284-c13d-497a-b32b-866aa344a793
2025-04-22 23:29:50 [INFO]: Connection to the database has been established successfully.
2025-04-22 23:29:50 [INFO]: Server is running on port 5000
2025-04-22 23:29:50 [INFO]: User connected: 228f1eed-de90-4ba3-932c-7feca9ab574c
2025-04-22 23:29:52 [INFO]: User connected: c1c46284-c13d-497a-b32b-866aa344a793
2025-04-22 23:30:26 [INFO]: Connection to the database has been established successfully.
2025-04-22 23:30:26 [INFO]: Server is running on port 5000
2025-04-22 23:30:26 [INFO]: User connected: c1c46284-c13d-497a-b32b-866aa344a793
2025-04-22 23:30:26 [INFO]: User connected: 228f1eed-de90-4ba3-932c-7feca9ab574c
2025-04-22 23:31:40 [INFO]: Connection to the database has been established successfully.
2025-04-22 23:31:40 [INFO]: Server is running on port 5000
2025-04-22 23:31:41 [INFO]: User connected: c1c46284-c13d-497a-b32b-866aa344a793
2025-04-22 23:31:42 [INFO]: User connected: 228f1eed-de90-4ba3-932c-7feca9ab574c
2025-04-22 23:31:44 [INFO]: req.user
2025-04-22 23:31:57 [INFO]: Message received: a
 in conversation: 74c61bec-103d-48c6-b5ea-75a6efb3dfa9
2025-04-22 23:32:01 [INFO]: Message received: b
 in conversation: 74c61bec-103d-48c6-b5ea-75a6efb3dfa9
2025-04-22 23:32:03 [INFO]: req.user
2025-04-22 23:32:04 [INFO]: req.user
2025-04-22 23:32:05 [INFO]: req.user
2025-04-22 23:32:06 [INFO]: req.user
2025-04-22 23:32:07 [INFO]: req.user
2025-04-22 23:32:13 [INFO]: User c1c46284-c13d-497a-b32b-866aa344a793 seen conversation: 74c61bec-103d-48c6-b5ea-75a6efb3dfa9
2025-04-22 23:32:21 [INFO]: req.user
2025-04-22 23:32:22 [INFO]: req.user
2025-04-22 23:32:51 [INFO]: req.user
2025-04-22 23:32:52 [INFO]: req.user
2025-04-22 23:32:52 [INFO]: req.user
2025-04-22 23:32:53 [INFO]: req.user
2025-04-22 23:32:59 [INFO]: User 228f1eed-de90-4ba3-932c-7feca9ab574c seen conversation: 74c61bec-103d-48c6-b5ea-75a6efb3dfa9
2025-04-22 23:33:26 [INFO]: req.user
2025-04-22 23:33:27 [INFO]: req.user
2025-04-22 23:33:28 [INFO]: req.user
2025-04-22 23:34:04 [INFO]: Message received: asdad
 in conversation: 74c61bec-103d-48c6-b5ea-75a6efb3dfa9
2025-04-22 23:34:09 [INFO]: req.user
2025-04-22 23:34:22 [INFO]: req.user
2025-04-22 23:34:38 [INFO]: req.user
2025-04-22 23:37:22 [INFO]: Connection to the database has been established successfully.
2025-04-22 23:37:22 [INFO]: Server is running on port 5000
2025-04-22 23:37:24 [INFO]: User connected: 228f1eed-de90-4ba3-932c-7feca9ab574c
2025-04-22 23:37:24 [INFO]: User connected: c1c46284-c13d-497a-b32b-866aa344a793
2025-04-22 23:37:24 [INFO]: Socket w2W3-fveQXbXM3JmAAAC joined conversation 74c61bec-103d-48c6-b5ea-75a6efb3dfa9
2025-04-22 23:37:24 [INFO]: Socket jkIk3kgGlEqykVGfAAAD joined conversation 74c61bec-103d-48c6-b5ea-75a6efb3dfa9
2025-04-22 23:37:32 [INFO]: req.user
2025-04-22 23:37:38 [INFO]: Message received: new
 in conversation: 74c61bec-103d-48c6-b5ea-75a6efb3dfa9
2025-04-22 23:37:41 [INFO]: req.user
2025-04-22 23:37:42 [INFO]: req.user
2025-04-22 23:37:42 [INFO]: req.user
2025-04-22 23:38:28 [INFO]: req.user
2025-04-22 23:38:29 [INFO]: req.user
2025-04-22 23:38:33 [INFO]: Client disconnected
2025-04-22 23:38:33 [INFO]: Connections length: 1
2025-04-23 20:24:22 [INFO]: Connection to the database has been established successfully.
2025-04-23 20:24:22 [INFO]: Server is running on port 5000
2025-04-23 20:25:30 [INFO]: User connected: c1c46284-c13d-497a-b32b-866aa344a793
2025-04-23 20:25:30 [INFO]: Socket 5ALbMX8PU0Yvx_HQAAAB joined conversation 74c61bec-103d-48c6-b5ea-75a6efb3dfa9
2025-04-23 20:25:47 [INFO]: Client disconnected
2025-04-23 20:25:47 [INFO]: Connections length: 0
2025-04-23 20:25:50 [INFO]: User connected: c1c46284-c13d-497a-b32b-866aa344a793
2025-04-23 20:25:50 [INFO]: Socket Hm9iXPefz1IfsyzdAAAD joined conversation 74c61bec-103d-48c6-b5ea-75a6efb3dfa9
2025-04-23 20:27:57 [INFO]: Client disconnected
2025-04-23 20:27:57 [INFO]: Connections length: 0
2025-04-23 20:28:00 [INFO]: req.user
2025-04-23 20:28:00 [INFO]: User connected: c1c46284-c13d-497a-b32b-866aa344a793
2025-04-23 20:28:00 [INFO]: Socket ILZJbr2jYANYNLClAAAF joined conversation 74c61bec-103d-48c6-b5ea-75a6efb3dfa9
2025-04-23 20:40:10 [INFO]: Connection to the database has been established successfully.
2025-04-23 20:40:10 [INFO]: Server is running on port 5000
2025-04-23 20:40:10 [INFO]: User connected: c1c46284-c13d-497a-b32b-866aa344a793
2025-04-23 20:41:44 [INFO]: Connection to the database has been established successfully.
2025-04-23 20:41:44 [INFO]: Server is running on port 5000
2025-04-23 20:41:45 [INFO]: User connected: c1c46284-c13d-497a-b32b-866aa344a793
2025-04-23 20:43:14 [INFO]: Connection to the database has been established successfully.
2025-04-23 20:43:14 [INFO]: Server is running on port 5000
2025-04-23 20:43:19 [INFO]: User connected: c1c46284-c13d-497a-b32b-866aa344a793
2025-04-23 20:43:42 [INFO]: Connection to the database has been established successfully.
2025-04-23 20:43:42 [INFO]: Server is running on port 5000
2025-04-23 20:43:44 [INFO]: User connected: c1c46284-c13d-497a-b32b-866aa344a793
2025-04-23 20:43:59 [INFO]: Connection to the database has been established successfully.
2025-04-23 20:43:59 [INFO]: Server is running on port 5000
2025-04-23 20:44:00 [INFO]: User connected: c1c46284-c13d-497a-b32b-866aa344a793
2025-04-23 20:44:13 [INFO]: Connection to the database has been established successfully.
2025-04-23 20:44:13 [INFO]: Server is running on port 5000
2025-04-23 20:44:16 [INFO]: req.user
2025-04-23 20:44:16 [INFO]: User connected: c1c46284-c13d-497a-b32b-866aa344a793
2025-04-23 20:44:16 [INFO]: Socket JtJGLwiLjxD8OlHjAAAB joined conversation 74c61bec-103d-48c6-b5ea-75a6efb3dfa9
2025-04-23 20:46:10 [INFO]: Client disconnected
2025-04-23 20:46:10 [INFO]: Connections length: 0
2025-04-23 20:46:13 [INFO]: req.user
2025-04-23 20:46:13 [INFO]: User connected: c1c46284-c13d-497a-b32b-866aa344a793
2025-04-23 20:46:13 [INFO]: Socket cD4vJCUtVbVRbVAVAAAD joined conversation 74c61bec-103d-48c6-b5ea-75a6efb3dfa9
2025-04-23 20:46:42 [INFO]: Connection to the database has been established successfully.
2025-04-23 20:46:42 [INFO]: Server is running on port 5000
2025-04-23 20:46:46 [INFO]: req.user
2025-04-23 20:46:46 [INFO]: User connected: c1c46284-c13d-497a-b32b-866aa344a793
2025-04-23 20:46:46 [INFO]: Socket ELGJAqVZKX1WAghvAAAB joined conversation 74c61bec-103d-48c6-b5ea-75a6efb3dfa9
2025-04-23 20:50:44 [INFO]: Connection to the database has been established successfully.
2025-04-23 20:50:44 [INFO]: Server is running on port 5000
2025-04-23 20:50:44 [INFO]: User connected: c1c46284-c13d-497a-b32b-866aa344a793
2025-04-23 20:51:40 [INFO]: Connection to the database has been established successfully.
2025-04-23 20:51:40 [INFO]: Server is running on port 5000
2025-04-23 20:51:40 [INFO]: User connected: c1c46284-c13d-497a-b32b-866aa344a793
2025-04-23 20:52:06 [INFO]: Connection to the database has been established successfully.
2025-04-23 20:52:06 [INFO]: Server is running on port 5000
2025-04-23 20:52:09 [INFO]: User connected: c1c46284-c13d-497a-b32b-866aa344a793
2025-04-23 20:52:14 [INFO]: Connection to the database has been established successfully.
2025-04-23 20:52:14 [INFO]: Server is running on port 5000
2025-04-23 20:52:16 [INFO]: User connected: c1c46284-c13d-497a-b32b-866aa344a793
2025-04-23 20:53:18 [INFO]: Connection to the database has been established successfully.
2025-04-23 20:53:18 [INFO]: Server is running on port 5000
2025-04-23 20:53:25 [INFO]: Connection to the database has been established successfully.
2025-04-23 20:53:25 [INFO]: Server is running on port 5000
2025-04-23 20:53:27 [INFO]: User connected: c1c46284-c13d-497a-b32b-866aa344a793
2025-04-23 20:54:01 [INFO]: Connection to the database has been established successfully.
2025-04-23 20:54:01 [INFO]: Server is running on port 5000
2025-04-23 20:54:05 [INFO]: Connection to the database has been established successfully.
2025-04-23 20:54:05 [INFO]: Server is running on port 5000
2025-04-23 20:54:08 [INFO]: User connected: c1c46284-c13d-497a-b32b-866aa344a793
2025-04-23 20:54:18 [INFO]: Connection to the database has been established successfully.
2025-04-23 20:54:18 [INFO]: Server is running on port 5000
2025-04-23 20:54:19 [INFO]: User connected: c1c46284-c13d-497a-b32b-866aa344a793
2025-04-23 21:13:37 [INFO]: Connection to the database has been established successfully.
2025-04-23 21:13:38 [INFO]: Server is running on port 5000
2025-04-23 21:13:38 [INFO]: User connected: c1c46284-c13d-497a-b32b-866aa344a793
2025-04-23 21:27:25 [INFO]: Connection to the database has been established successfully.
2025-04-23 21:27:25 [INFO]: Server is running on port 5000
2025-04-23 21:27:30 [INFO]: Connection to the database has been established successfully.
2025-04-23 21:27:30 [INFO]: Server is running on port 5000
2025-04-23 21:27:32 [INFO]: User connected: c1c46284-c13d-497a-b32b-866aa344a793
2025-04-23 21:27:39 [INFO]: Connection to the database has been established successfully.
2025-04-23 21:27:39 [INFO]: Server is running on port 5000
2025-04-23 21:27:42 [INFO]: User connected: c1c46284-c13d-497a-b32b-866aa344a793
2025-04-23 21:28:03 [INFO]: Connection to the database has been established successfully.
2025-04-23 21:28:03 [INFO]: Server is running on port 5000
2025-04-23 21:28:05 [INFO]: User connected: c1c46284-c13d-497a-b32b-866aa344a793
2025-04-23 21:28:07 [INFO]: Client disconnected
2025-04-23 21:28:07 [INFO]: Connections length: 0
2025-04-23 21:28:10 [INFO]: req.user
2025-04-23 21:28:10 [INFO]: User connected: c1c46284-c13d-497a-b32b-866aa344a793
2025-04-23 21:28:10 [INFO]: Socket 12FVtglCbS-mkzyFAAAD joined conversation 74c61bec-103d-48c6-b5ea-75a6efb3dfa9
2025-04-23 21:28:10 [ERROR]: Conversation c1c46284-c13d-497a-b32b-866aa344a793 not found
2025-04-23 21:29:03 [INFO]: Connection to the database has been established successfully.
2025-04-23 21:29:03 [INFO]: Server is running on port 5000
2025-04-23 21:29:05 [INFO]: User connected: c1c46284-c13d-497a-b32b-866aa344a793
2025-04-23 21:29:08 [INFO]: Client disconnected
2025-04-23 21:29:08 [INFO]: Connections length: 0
2025-04-23 21:29:10 [INFO]: req.user
2025-04-23 21:29:10 [INFO]: User connected: c1c46284-c13d-497a-b32b-866aa344a793
2025-04-23 21:29:10 [INFO]: Socket l6NPIUoVF9ishHSYAAAD joined conversation 74c61bec-103d-48c6-b5ea-75a6efb3dfa9
2025-04-23 21:29:41 [INFO]: Client disconnected
2025-04-23 21:29:41 [INFO]: Connections length: 0
2025-04-23 21:44:51 [INFO]: Connection to the database has been established successfully.
2025-04-23 21:44:51 [INFO]: Server is running on port 5000
2025-04-23 21:45:48 [INFO]: Connection to the database has been established successfully.
2025-04-23 21:45:48 [INFO]: Server is running on port 5000
2025-04-23 21:45:54 [INFO]: req.user
2025-04-23 21:45:54 [ERROR]: This user cannot perform this action
2025-04-23 21:46:13 [INFO]: req.user
2025-04-23 21:47:19 [INFO]: Connection to the database has been established successfully.
2025-04-23 21:47:19 [INFO]: Server is running on port 5000
2025-04-23 21:47:21 [INFO]: req.user
2025-04-23 21:47:28 [INFO]: req.user
2025-04-23 21:47:28 [INFO]: User connected: c1c46284-c13d-497a-b32b-866aa344a793
2025-04-23 21:47:28 [INFO]: Socket Ce0oUaTtMF85RT_uAAAB joined conversation 74c61bec-103d-48c6-b5ea-75a6efb3dfa9
2025-04-23 21:48:04 [INFO]: Connection to the database has been established successfully.
2025-04-23 21:48:04 [INFO]: Server is running on port 5000
2025-04-23 21:48:08 [INFO]: User connected: c1c46284-c13d-497a-b32b-866aa344a793
2025-04-23 21:48:10 [INFO]: req.user
2025-04-23 21:48:10 [ERROR]: This message cannot be deleted anymore
2025-04-23 21:48:11 [INFO]: req.user
2025-04-23 21:48:11 [ERROR]: This message cannot be deleted anymore
2025-04-23 21:48:12 [INFO]: req.user
2025-04-23 21:48:12 [ERROR]: This message cannot be deleted anymore
2025-04-23 21:48:13 [INFO]: req.user
2025-04-23 21:48:13 [ERROR]: This message cannot be deleted anymore
2025-04-23 21:48:13 [INFO]: req.user
2025-04-23 21:48:13 [ERROR]: This message cannot be deleted anymore
2025-04-23 21:48:21 [INFO]: Connection to the database has been established successfully.
2025-04-23 21:48:21 [INFO]: Server is running on port 5000
2025-04-23 21:48:42 [INFO]: req.user
2025-04-23 21:58:24 [INFO]: Connection to the database has been established successfully.
2025-04-23 21:58:24 [INFO]: Server is running on port 5000
2025-04-23 21:59:27 [INFO]: Connection to the database has been established successfully.
2025-04-23 21:59:27 [INFO]: Server is running on port 5000
2025-04-23 22:04:52 [INFO]: Connection to the database has been established successfully.
2025-04-23 22:04:52 [INFO]: Server is running on port 5000
2025-04-23 22:06:33 [INFO]: Connection to the database has been established successfully.
2025-04-23 22:06:33 [INFO]: Server is running on port 5000
2025-04-23 22:06:46 [INFO]: Connection to the database has been established successfully.
2025-04-23 22:06:46 [INFO]: Server is running on port 5000
2025-04-23 22:07:19 [INFO]: Connection to the database has been established successfully.
2025-04-23 22:07:19 [INFO]: Server is running on port 5000
2025-04-23 22:07:23 [INFO]: Connection to the database has been established successfully.
2025-04-23 22:07:23 [INFO]: Server is running on port 5000
2025-04-23 22:08:34 [INFO]: Connection to the database has been established successfully.
2025-04-23 22:08:34 [INFO]: Server is running on port 5000
2025-04-23 22:09:18 [INFO]: Connection to the database has been established successfully.
2025-04-23 22:09:18 [INFO]: Server is running on port 5000
2025-04-23 22:09:27 [INFO]: Connection to the database has been established successfully.
2025-04-23 22:09:27 [INFO]: Server is running on port 5000
2025-04-23 22:09:55 [INFO]: Connection to the database has been established successfully.
2025-04-23 22:09:55 [INFO]: Server is running on port 5000
2025-04-23 22:10:05 [INFO]: Connection to the database has been established successfully.
2025-04-23 22:10:05 [INFO]: Server is running on port 5000
2025-04-23 22:10:09 [INFO]: Connection to the database has been established successfully.
2025-04-23 22:10:09 [INFO]: Server is running on port 5000
2025-04-23 22:11:24 [INFO]: Connection to the database has been established successfully.
2025-04-23 22:11:24 [INFO]: Server is running on port 5000
2025-04-23 22:11:31 [INFO]: req.user
2025-04-23 22:12:28 [INFO]: Connection to the database has been established successfully.
2025-04-23 22:12:28 [INFO]: Server is running on port 5000
2025-04-23 22:12:32 [INFO]: req.user
2025-04-23 22:14:22 [INFO]: Connection to the database has been established successfully.
2025-04-23 22:14:22 [INFO]: Server is running on port 5000
2025-04-23 22:15:24 [INFO]: Connection to the database has been established successfully.
2025-04-23 22:15:24 [INFO]: Server is running on port 5000
2025-04-23 22:16:22 [INFO]: Connection to the database has been established successfully.
2025-04-23 22:16:22 [INFO]: Server is running on port 5000
2025-04-23 22:17:09 [INFO]: Connection to the database has been established successfully.
2025-04-23 22:17:09 [INFO]: Server is running on port 5000
2025-04-23 22:22:08 [INFO]: Connection to the database has been established successfully.
2025-04-23 22:22:08 [INFO]: Server is running on port 5000
2025-04-23 22:23:50 [INFO]: Connection to the database has been established successfully.
2025-04-23 22:23:50 [INFO]: Server is running on port 5000
2025-04-23 22:28:05 [INFO]: Connection to the database has been established successfully.
2025-04-23 22:28:05 [INFO]: Server is running on port 5000
2025-04-23 22:28:26 [INFO]: Connection to the database has been established successfully.
2025-04-23 22:28:26 [INFO]: Server is running on port 5000
2025-04-23 22:28:45 [INFO]: Connection to the database has been established successfully.
2025-04-23 22:28:45 [INFO]: Server is running on port 5000
2025-04-23 22:29:14 [INFO]: req.user
2025-04-23 22:29:14 [ERROR]: Conversation :conversationId not found
2025-04-23 22:29:19 [INFO]: req.user
2025-04-23 22:29:27 [INFO]: req.user
2025-04-23 22:29:27 [ERROR]: Cannot read properties of undefined (reading 'map')
2025-04-23 22:30:26 [INFO]: Connection to the database has been established successfully.
2025-04-23 22:30:26 [INFO]: Server is running on port 5000
2025-04-23 22:30:27 [INFO]: req.user
2025-04-23 22:30:27 [ERROR]: column Users.avatarId does not exist
2025-04-23 22:30:48 [INFO]: Connection to the database has been established successfully.
2025-04-23 22:30:48 [INFO]: Server is running on port 5000
2025-04-23 22:30:54 [INFO]: req.user
2025-04-23 22:31:25 [INFO]: Connection to the database has been established successfully.
2025-04-23 22:31:25 [INFO]: Server is running on port 5000
2025-04-23 22:31:28 [INFO]: req.user
2025-04-23 22:32:26 [INFO]: Connection to the database has been established successfully.
2025-04-23 22:32:26 [INFO]: Server is running on port 5000
2025-04-23 22:32:29 [INFO]: req.user
2025-04-23 22:33:33 [INFO]: Connection to the database has been established successfully.
2025-04-23 22:33:33 [INFO]: Server is running on port 5000
2025-04-23 22:33:38 [INFO]: req.user
2025-04-23 22:33:51 [INFO]: Connection to the database has been established successfully.
2025-04-23 22:33:51 [INFO]: Server is running on port 5000
2025-04-23 22:33:54 [INFO]: req.user
2025-04-23 22:34:15 [INFO]: Connection to the database has been established successfully.
2025-04-23 22:34:15 [INFO]: Server is running on port 5000
2025-04-23 22:34:17 [INFO]: req.user
2025-04-23 22:34:49 [INFO]: Connection to the database has been established successfully.
2025-04-23 22:34:49 [INFO]: Server is running on port 5000
2025-04-23 22:34:54 [INFO]: req.user
2025-04-23 22:35:28 [INFO]: Connection to the database has been established successfully.
2025-04-23 22:35:28 [INFO]: Server is running on port 5000
2025-04-23 22:35:39 [INFO]: req.user
